Determining if the pthread_create exist failed with the following output:
Change Dir: /home/robot/Centauri/Software/ROS/build/CMakeFiles/CMakeTmp

Run Build Command:"/usr/bin/make" "cmTC_02f1b/fast"
/usr/bin/make -f CMakeFiles/cmTC_02f1b.dir/build.make CMakeFiles/cmTC_02f1b.dir/build
make[1]: Entering directory '/home/robot/Centauri/Software/ROS/build/CMakeFiles/CMakeTmp'
Building C object CMakeFiles/cmTC_02f1b.dir/CheckSymbolExists.c.o
/usr/bin/cc     -o CMakeFiles/cmTC_02f1b.dir/CheckSymbolExists.c.o   -c /home/robot/Centauri/Software/ROS/build/CMakeFiles/CMakeTmp/CheckSymbolExists.c
Linking C executable cmTC_02f1b
/usr/bin/cmake -E cmake_link_script CMakeFiles/cmTC_02f1b.dir/link.txt --verbose=1
/usr/bin/cc       CMakeFiles/cmTC_02f1b.dir/CheckSymbolExists.c.o  -o cmTC_02f1b -rdynamic 
CMakeFiles/cmTC_02f1b.dir/CheckSymbolExists.c.o: In function `main':
CheckSymbolExists.c:(.text+0xe): undefined reference to `pthread_create'
CheckSymbolExists.c:(.text+0x12): undefined reference to `pthread_create'
collect2: error: ld returned 1 exit status
CMakeFiles/cmTC_02f1b.dir/build.make:97: recipe for target 'cmTC_02f1b' failed
make[1]: *** [cmTC_02f1b] Error 1
make[1]: Leaving directory '/home/robot/Centauri/Software/ROS/build/CMakeFiles/CMakeTmp'
Makefile:126: recipe for target 'cmTC_02f1b/fast' failed
make: *** [cmTC_02f1b/fast] Error 2

File /home/robot/Centauri/Software/ROS/build/CMakeFiles/CMakeTmp/CheckSymbolExists.c:
/* */
#include <pthread.h>

int main(int argc, char** argv)
{
  (void)argv;
#ifndef pthread_create
  return ((int*)(&pthread_create))[argc];
#else
  (void)argc;
  return 0;
#endif
}

Determining if the function pthread_create exists in the pthreads failed with the following output:
Change Dir: /home/robot/Centauri/Software/ROS/build/CMakeFiles/CMakeTmp

Run Build Command:"/usr/bin/make" "cmTC_db5ff/fast"
/usr/bin/make -f CMakeFiles/cmTC_db5ff.dir/build.make CMakeFiles/cmTC_db5ff.dir/build
make[1]: Entering directory '/home/robot/Centauri/Software/ROS/build/CMakeFiles/CMakeTmp'
Building C object CMakeFiles/cmTC_db5ff.dir/CheckFunctionExists.c.o
/usr/bin/cc    -DCHECK_FUNCTION_EXISTS=pthread_create   -o CMakeFiles/cmTC_db5ff.dir/CheckFunctionExists.c.o   -c /usr/share/cmake-3.5/Modules/CheckFunctionExists.c
Linking C executable cmTC_db5ff
/usr/bin/cmake -E cmake_link_script CMakeFiles/cmTC_db5ff.dir/link.txt --verbose=1
/usr/bin/cc   -DCHECK_FUNCTION_EXISTS=pthread_create    CMakeFiles/cmTC_db5ff.dir/CheckFunctionExists.c.o  -o cmTC_db5ff -rdynamic -lpthreads 
/usr/bin/ld: cannot find -lpthreads
collect2: error: ld returned 1 exit status
CMakeFiles/cmTC_db5ff.dir/build.make:97: recipe for target 'cmTC_db5ff' failed
make[1]: *** [cmTC_db5ff] Error 1
make[1]: Leaving directory '/home/robot/Centauri/Software/ROS/build/CMakeFiles/CMakeTmp'
Makefile:126: recipe for target 'cmTC_db5ff/fast' failed
make: *** [cmTC_db5ff/fast] Error 2


